ERROR - 2022-11-12 09:40:02 --> Test Cron Job Setiap Menit
ERROR - 2022-11-12 09:41:01 --> Test Cron Job Setiap Menit
ERROR - 2022-11-12 09:42:01 --> Test Cron Job Setiap Menit
ERROR - 2022-11-12 09:43:02 --> Test Cron Job Setiap Menit
ERROR - 2022-11-12 09:44:01 --> Test Cron Job Setiap Menit
ERROR - 2022-11-12 09:45:02 --> Test Cron Job Setiap Menit
ERROR - 2022-11-12 09:46:02 --> Test Cron Job Setiap Menit
ERROR - 2022-11-12 09:47:01 --> Test Cron Job Setiap Menit
ERROR - 2022-11-12 09:48:01 --> Test Cron Job Setiap Menit
ERROR - 2022-11-12 09:49:01 --> Test Cron Job Setiap Menit
ERROR - 2022-11-12 09:50:01 --> Test Cron Job Setiap Menit
ERROR - 2022-11-12 09:51:02 --> Test Cron Job Setiap Menit
ERROR - 2022-11-12 09:52:02 --> Test Cron Job Setiap Menit
ERROR - 2022-11-12 09:53:01 --> Test Cron Job Setiap Menit
ERROR - 2022-11-12 09:54:01 --> Test Cron Job Setiap Menit
ERROR - 2022-11-12 09:55:01 --> Test Cron Job Setiap Menit
ERROR - 2022-11-12 09:56:01 --> Test Cron Job Setiap Menit
ERROR - 2022-11-12 09:57:01 --> Test Cron Job Setiap Menit
ERROR - 2022-11-12 09:58:01 --> Test Cron Job Setiap Menit
ERROR - 2022-11-12 09:59:01 --> Test Cron Job Setiap Menit
ERROR - 2022-11-12 10:00:04 --> Create QR Successfully
ERROR - 2022-11-12 10:00:04 --> Test Cron Job Setiap Menit
ERROR - 2022-11-12 10:00:04 --> Test Cron Job Setiap 5 Menit
ERROR - 2022-11-12 10:00:04 --> Test Cron Job Setiap Sabtu Jam 10
ERROR - 2022-11-12 10:01:02 --> Test Cron Job Setiap Menit
ERROR - 2022-11-12 10:02:01 --> Test Cron Job Setiap Menit
ERROR - 2022-11-12 10:03:01 --> Test Cron Job Setiap Menit
ERROR - 2022-11-12 10:04:02 --> Test Cron Job Setiap Menit
ERROR - 2022-11-12 10:05:02 --> Test Cron Job Setiap Menit
ERROR - 2022-11-12 10:05:02 --> Test Cron Job Setiap 5 Menit
ERROR - 2022-11-12 10:05:02 --> Test Cron Job Setiap weekend Jam 10:05
ERROR - 2022-11-12 10:06:02 --> Test Cron Job Setiap Menit
ERROR - 2022-11-12 10:10:01 --> Test Cron Job Setiap 5 Menit
ERROR - 2022-11-12 10:15:02 --> Test Cron Job Setiap 5 Menit
ERROR - 2022-11-12 10:20:01 --> Test Cron Job Setiap 5 Menit
ERROR - 2022-11-12 10:25:02 --> Test Cron Job Setiap 5 Menit
ERROR - 2022-11-12 10:30:02 --> Test Cron Job Setiap 5 Menit
ERROR - 2022-11-12 10:35:01 --> Test Cron Job Setiap 5 Menit
ERROR - 2022-11-12 10:40:01 --> Test Cron Job Setiap 5 Menit
ERROR - 2022-11-12 10:45:01 --> Test Cron Job Setiap 5 Menit
ERROR - 2022-11-12 10:50:02 --> Test Cron Job Setiap 5 Menit
ERROR - 2022-11-12 10:55:01 --> Test Cron Job Setiap 5 Menit
ERROR - 2022-11-12 10:58:01 --> Test Cron Job Setiap Menit
ERROR - 2022-11-12 10:59:02 --> Test Cron Job Setiap Menit
ERROR - 2022-11-12 11:00:01 --> Test Cron Job Setiap Menit
ERROR - 2022-11-12 11:00:01 --> Test Cron Job Setiap 5 Menit
ERROR - 2022-11-12 11:00:01 --> Test Cron Job Setiap Sabtu Jam 11
ERROR - 2022-11-12 11:01:01 --> Test Cron Job Setiap Menit
ERROR - 2022-11-12 11:02:02 --> Test Cron Job Setiap Menit
ERROR - 2022-11-12 11:03:02 --> Test Cron Job Setiap Menit
ERROR - 2022-11-12 11:03:02 --> Test Cron Job Setiap weekend Jam 11:03
ERROR - 2022-11-12 11:04:01 --> Test Cron Job Setiap Menit
ERROR - 2022-11-12 11:05:01 --> Create QR Successfully
ERROR - 2022-11-12 11:05:01 --> Test Cron Job Setiap Menit
ERROR - 2022-11-12 11:05:01 --> Test Cron Job Setiap 5 Menit
ERROR - 2022-11-12 11:06:01 --> Test Cron Job Setiap Menit
